<?xml version="1.0" encoding="UTF-8"?>
<!-- Generated by org.testng.reporters.JUnitReportReporter -->
<testsuite hostname="lsinamr01" name="cucumberTest.SeleniumTest" tests="1" failures="0" timestamp="21 Sep 2017 12:12:26 GMT" time="61.898" errors="0">
  <testcase name="TC1_Login" time="61.898" classname="cucumberTest.SeleniumTest"/>
</testsuite> <!-- cucumberTest.SeleniumTest -->
